<?xml version="1.0" encoding="UTF-8"?>
<!-- Generated by org.testng.reporters.JUnitReportReporter -->
<testsuite hostname="AKSHAY" failures="0" tests="2" name="selenium.Login" time="1.768" errors="0" timestamp="2025-05-25T21:00:05 IST" skipped="0">
  <testcase classname="selenium.Login" name="test2" time="0.032"/>
  <testcase classname="selenium.Login" name="test" time="1.736"/>
</testsuite> <!-- selenium.Login -->
