<?xml version="1.0" encoding="UTF-8"?>
<!-- Generated by org.testng.reporters.JUnitReportReporter -->
<testsuite hostname="AKSHAY" failures="0" tests="2" name="selenium.Login" time="0.142" errors="0" timestamp="2025-05-25T20:19:15 IST" skipped="0">
  <testcase classname="selenium.Login" name="test" time="0.137"/>
  <testcase classname="selenium.Login" name="test2" time="0.005"/>
</testsuite> <!-- selenium.Login -->
